# JRE version: OpenJDK Runtime Environment (15.0.2+7) (build 15.0.2+7-27)
# Java VM: OpenJDK 64-Bit Server VM (15.0.2+7-27, mixed mode, tiered, compressed oops, g1 gc, windows-amd64)
GC Precious Log:
 CPUs: 8 total, 8 available
 Memory: 7987M
 Large Page Support: Disabled
 NUMA Support: Disabled
 Compressed Oops: Enabled (32-bit)
 Heap Region Size: 1M
 Heap Min Capacity: 8M
 Heap Initial Capacity: 126M
 Heap Max Capacity: 1998M
 Pre-touch: Disabled
 Parallel Workers: 8
 Concurrent Workers: 2
 Concurrent Refinement Workers: 8
 Periodic GC: Disabled
Heap:
 garbage-first heap   total 164864K, used 73158K [0x0000000083200000, 0x0000000100000000)
  region size 1024K, 2 young (2048K), 2 survivors (2048K)
 Metaspace       used 19616K, capacity 20024K, committed 20224K, reserved 1067008K
  class space    used 2102K, capacity 2220K, committed 2304K, reserved 1048576K
GC Heap History (20 events):
Event: 26.076 GC heap after
{Heap after GC invocations=3 (full 0):
 garbage-first heap   total 129024K, used 41316K [0x0000000083200000, 0x0000000100000000)
  region size 1024K, 4 young (4096K), 4 survivors (4096K)
 Metaspace       used 19321K, capacity 19624K, committed 19968K, reserved 1067008K
  class space    used 2078K, capacity 2183K, committed 2304K, reserved 1048576K
}
Event: 26.100 GC heap before
{Heap before GC invocations=3 (full 0):
 garbage-first heap   total 129024K, used 101732K [0x0000000083200000, 0x0000000100000000)
  region size 1024K, 63 young (64512K), 4 survivors (4096K)
 Metaspace       used 19331K, capacity 19624K, committed 19968K, reserved 1067008K
  class space    used 2078K, capacity 2183K, committed 2304K, reserved 1048576K
}
Event: 26.105 GC heap after
{Heap after GC invocations=4 (full 0):
 garbage-first heap   total 129024K, used 41509K [0x0000000083200000, 0x0000000100000000)
  region size 1024K, 5 young (5120K), 5 survivors (5120K)
 Metaspace       used 19331K, capacity 19624K, committed 19968K, reserved 1067008K
  class space    used 2078K, capacity 2183K, committed 2304K, reserved 1048576K
}
Event: 26.500 GC heap before
{Heap before GC invocations=4 (full 0):
 garbage-first heap   total 129024K, used 111141K [0x0000000083200000, 0x0000000100000000)
  region size 1024K, 67 young (68608K), 5 survivors (5120K)
 Metaspace       used 19370K, capacity 19624K, committed 19968K, reserved 1067008K
  class space    used 2078K, capacity 2183K, committed 2304K, reserved 1048576K
}
Event: 26.517 GC heap after
{Heap after GC invocations=5 (full 0):
 garbage-first heap   total 129024K, used 47784K [0x0000000083200000, 0x0000000100000000)
  region size 1024K, 5 young (5120K), 5 survivors (5120K)
 Metaspace       used 19370K, capacity 19624K, committed 19968K, reserved 1067008K
  class space    used 2078K, capacity 2183K, committed 2304K, reserved 1048576K
}
Event: 27.108 GC heap before
{Heap before GC invocations=5 (full 0):
 garbage-first heap   total 129024K, used 113320K [0x0000000083200000, 0x0000000100000000)
  region size 1024K, 63 young (64512K), 5 survivors (5120K)
 Metaspace       used 19434K, capacity 19723K, committed 19968K, reserved 1067008K
  class space    used 2082K, capacity 2188K, committed 2304K, reserved 1048576K
}
Event: 27.137 GC heap after
{Heap after GC invocations=6 (full 0):
 garbage-first heap   total 129024K, used 54071K [0x0000000083200000, 0x0000000100000000)
  region size 1024K, 5 young (5120K), 5 survivors (5120K)
 Metaspace       used 19434K, capacity 19723K, committed 19968K, reserved 1067008K
  class space    used 2082K, capacity 2188K, committed 2304K, reserved 1048576K
}
Event: 27.746 GC heap before
{Heap before GC invocations=6 (full 0):
 garbage-first heap   total 129024K, used 115511K [0x0000000083200000, 0x0000000100000000)
  region size 1024K, 59 young (60416K), 5 survivors (5120K)
 Metaspace       used 19573K, capacity 19940K, committed 20224K, reserved 1067008K
  class space    used 2096K, capacity 2214K, committed 2304K, reserved 1048576K
}
Event: 27.751 GC heap after
{Heap after GC invocations=7 (full 0):
 garbage-first heap   total 129024K, used 60471K [0x0000000083200000, 0x0000000100000000)
  region size 1024K, 2 young (2048K), 2 survivors (2048K)
 Metaspace       used 19573K, capacity 19940K, committed 20224K, reserved 1067008K
  class space    used 2096K, capacity 2214K, committed 2304K, reserved 1048576K
}
Event: 28.433 GC heap before
{Heap before GC invocations=7 (full 0):
 garbage-first heap   total 129024K, used 100407K [0x0000000083200000, 0x0000000100000000)
  region size 1024K, 42 young (43008K), 2 survivors (2048K)
 Metaspace       used 19580K, capacity 19940K, committed 20224K, reserved 1067008K
  class space    used 2096K, capacity 2214K, committed 2304K, reserved 1048576K
}
Event: 28.559 GC heap after
{Heap after GC invocations=8 (full 0):
 garbage-first heap   total 129024K, used 60518K [0x0000000083200000, 0x0000000100000000)
  region size 1024K, 2 young (2048K), 2 survivors (2048K)
 Metaspace       used 19580K, capacity 19940K, committed 20224K, reserved 1067008K
  class space    used 2096K, capacity 2214K, committed 2304K, reserved 1048576K
}
Event: 29.096 GC heap before
{Heap before GC invocations=9 (full 0):
 garbage-first heap   total 129024K, used 98406K [0x0000000083200000, 0x0000000100000000)
  region size 1024K, 38 young (38912K), 2 survivors (2048K)
 Metaspace       used 19608K, capacity 19959K, committed 20224K, reserved 1067008K
  class space    used 2102K, capacity 2220K, committed 2304K, reserved 1048576K
}
Event: 29.122 GC heap after
{Heap after GC invocations=10 (full 0):
 garbage-first heap   total 129024K, used 63655K [0x0000000083200000, 0x0000000100000000)
  region size 1024K, 2 young (2048K), 2 survivors (2048K)
 Metaspace       used 19608K, capacity 19959K, committed 20224K, reserved 1067008K
  class space    used 2102K, capacity 2220K, committed 2304K, reserved 1048576K
}
Event: 29.698 GC heap before
{Heap before GC invocations=11 (full 0):
 garbage-first heap   total 129024K, used 102567K [0x0000000083200000, 0x0000000100000000)
  region size 1024K, 38 young (38912K), 2 survivors (2048K)
 Metaspace       used 19611K, capacity 19959K, committed 20224K, reserved 1067008K
  class space    used 2102K, capacity 2220K, committed 2304K, reserved 1048576K
}
Event: 29.741 GC heap after
{Heap after GC invocations=12 (full 0):
 garbage-first heap   total 129024K, used 66870K [0x0000000083200000, 0x0000000100000000)
  region size 1024K, 2 young (2048K), 2 survivors (2048K)
 Metaspace       used 19611K, capacity 19959K, committed 20224K, reserved 1067008K
  class space    used 2102K, capacity 2220K, committed 2304K, reserved 1048576K
}
Event: 30.316 GC heap before
{Heap before GC invocations=13 (full 0):
 garbage-first heap   total 129024K, used 93494K [0x0000000083200000, 0x0000000100000000)
  region size 1024K, 26 young (26624K), 2 survivors (2048K)
 Metaspace       used 19616K, capacity 20024K, committed 20224K, reserved 1067008K
  class space    used 2102K, capacity 2220K, committed 2304K, reserved 1048576K
}
Event: 30.422 GC heap after
{Heap after GC invocations=14 (full 0):
 garbage-first heap   total 129024K, used 70049K [0x0000000083200000, 0x0000000100000000)
  region size 1024K, 2 young (2048K), 2 survivors (2048K)
 Metaspace       used 19616K, capacity 20024K, committed 20224K, reserved 1067008K
  class space    used 2102K, capacity 2220K, committed 2304K, reserved 1048576K
}
Event: 30.738 GC heap before
{Heap before GC invocations=15 (full 0):
 garbage-first heap   total 129024K, used 114081K [0x0000000083200000, 0x0000000100000000)
  region size 1024K, 43 young (44032K), 2 survivors (2048K)
 Metaspace       used 19616K, capacity 20024K, committed 20224K, reserved 1067008K
  class space    used 2102K, capacity 2220K, committed 2304K, reserved 1048576K
}
Event: 30.748 GC heap after
{Heap after GC invocations=16 (full 0):
 garbage-first heap   total 129024K, used 73030K [0x0000000083200000, 0x0000000100000000)
  region size 1024K, 2 young (2048K), 2 survivors (2048K)
 Metaspace       used 19616K, capacity 20024K, committed 20224K, reserved 1067008K
  class space    used 2102K, capacity 2220K, committed 2304K, reserved 1048576K
}
Event: 30.796 GC heap before
{Heap before GC invocations=16 (full 0):
 garbage-first heap   total 129024K, used 112966K [0x0000000083200000, 0x0000000100000000)
  region size 1024K, 41 young (41984K), 2 survivors (2048K)
 Metaspace       used 19616K, capacity 20024K, committed 20224K, reserved 1067008K
  class space    used 2102K, capacity 2220K, committed 2304K, reserved 1048576K
}

